<?xml version="1.0" encoding="UTF-8"?>
<!-- Generated by org.testng.reporters.JUnitReportReporter -->
<testsuite hostname="DESKTOP-K0O982J" name="src_Appium.Calculator" tests="1" failures="0" timestamp="28 Jun 2021 02:35:56 GMT" time="111.083" errors="0">
  <testcase name="setUp" time="111.083" classname="src_Appium.Calculator"/>
</testsuite> <!-- src_Appium.Calculator -->
